c:\dev\tetris\tetris\x64\debug\vc143.pdb
c:\dev\tetris\tetris\x64\debug\vc143.idb
c:\dev\tetris\tetris\x64\debug\game.obj
c:\dev\tetris\tetris\x64\debug\main.obj
c:\dev\tetris\tetris\x64\debug\block.obj
c:\dev\tetris-clone\tetris\x64\debug\vc143.pdb
c:\dev\tetris-clone\tetris\x64\debug\vc143.idb
c:\dev\tetris-clone\tetris\x64\debug\game.obj
c:\dev\tetris-clone\tetris\x64\debug\block.obj
c:\dev\tetris-clone\tetris\x64\debug\main.obj
c:\dev\tetris\x64\debug\tetris.exe
c:\dev\tetris\x64\debug\tetris.pdb
c:\dev\tetris\tetris\x64\debug\tetris.ilk
c:\dev\tetris-clone\tetris\x64\debug\tetris.obj
c:\dev\tetris-clone\tetris\x64\debug\block.obj.enc
c:\dev\tetris-clone\tetris\x64\debug\game.obj.enc
c:\dev\tetris-clone\tetris\x64\debug\main.obj.enc
c:\dev\tetris-clone\tetris\x64\debug\tetris.ilk
c:\dev\tetris-clone\x64\debug\tetris.pdb
c:\dev\tetris-clone\x64\debug\tetris.exe
c:\dev\tetris-clone\tetris\x64\debug\tetris.tlog\cl.command.1.tlog
c:\dev\tetris-clone\tetris\x64\debug\tetris.tlog\cl.items.tlog
c:\dev\tetris-clone\tetris\x64\debug\tetris.tlog\cl.read.1.tlog
c:\dev\tetris-clone\tetris\x64\debug\tetris.tlog\cl.write.1.tlog
c:\dev\tetris-clone\tetris\x64\debug\tetris.tlog\link.command.1.tlog
c:\dev\tetris-clone\tetris\x64\debug\tetris.tlog\link.read.1.tlog
c:\dev\tetris-clone\tetris\x64\debug\tetris.tlog\link.secondary.1.tlog
c:\dev\tetris-clone\tetris\x64\debug\tetris.tlog\link.write.1.tlog
